/nobackup/steveri/github/CGRAGenerator/hardware/generator_z/top /nobackup/steveri/github/CGRAGenerator/verilator/generator_z_tb 

-----------------------------------------------
--- Genesis Is Starting Work On Your Design ---
-----------------------------------------------

-----------------------------------------------
|            Genesis Release Info             |
|  $Change: 11879 $ --- $Date: 2013/06/11 $   |
-----------------------------------------------

---------------------------------------------------------------------------
    !! THIS VERSION OF GENESIS2 IS NOT FOR ANY COMMERCIAL USE !!
     FOR COMMERCIAL LICENSE CONTACT SHACHAM@ALUMNI.STANFORD.EDU
---------------------------------------------------------------------------

Genesis2::Manager->execute: Starting Source File Parsing Phase
Genesis2::Manager->parse_files: Now parsing file ../sb/sb.vp
Genesis2::Manager->parse_files: Now parsing file ../cb/cb.vp
Genesis2::Manager->parse_files: Now parsing file ../pe_tile/pe_tile.vp
Genesis2::Manager->parse_files: Now parsing file ../memory_tile/mem_tile_sb_cb.vp
Genesis2::Manager->parse_files: Now parsing file ../memory/mem_tile.vp
Genesis2::Manager->parse_files: Now parsing file ../memory/mem.vp
Genesis2::Manager->parse_files: Now parsing file top.vp
Genesis2::Manager->parse_files: Now parsing file ../pe_new/pe/rtl/test_pe.svp
Genesis2::Manager->parse_files: Now parsing file ../pe_new/pe/rtl/test_mult_add.svp
Genesis2::Manager->parse_files: Now parsing file ../pe_new/pe/rtl/test_full_add.svp
Genesis2::Manager->parse_files: Now parsing file ../pe_new/pe/rtl/test_lut.svp
Genesis2::Manager->parse_files: Now parsing file ../pe_new/pe/rtl/test_opt_reg.svp
Genesis2::Manager->parse_files: Now parsing file ../pe_tile_new/pe_tile_new.vp
Genesis2::Manager->execute: Done With Source File Parsing Phase

Genesis2::Manager->execute: Starting Verilog Code Generation Phase
Using a hash as a reference is deprecated at /nobackup/steveri/github/CGRAGenerator/hardware/generator_z/top/top.vp line 266.
Genesis2::ConfigHandler->SetPrmOverrides: Now processing command line parameter overrides
Genesis2::Manager->gen_verilog: Starting code generation from module top

WARNING    WARNING    WARNING    WARNING    WARNING    WARNING    WARNING    WARNING
WARNING While processing Genesis2 template 'pe_tile_new' at line 244 of file /nobackup/steveri/github/CGRAGenerator/hardware/generator_z/pe_tile_new/pe_tile_new.vp
WARNING while at instance top.t0_0_0.test_pe
WARNING Message:
	Parameter 'DataWidth' was passed to top.t0_0_0.test_pe but it was never actually declared/used in test_pe
Continuing Genesis2 despite warning... 


WARNING    WARNING    WARNING    WARNING    WARNING    WARNING    WARNING    WARNING
WARNING While processing Genesis2 template 'pe_tile_new' at line 244 of file /nobackup/steveri/github/CGRAGenerator/hardware/generator_z/pe_tile_new/pe_tile_new.vp
WARNING while at instance top.t0_0_1.test_pe
WARNING Message:
	Parameter 'DataWidth' was passed to top.t0_0_1.test_pe but it was never actually declared/used in test_pe
Continuing Genesis2 despite warning... 

Genesis2::Manager->execute: Done With Verilog Code Generation Phase

Genesis2::Manager->execute: Starting Auxiliary File Generation Phase
Genesis2::Manager->execute: Done With Auxiliary File Generation Phase

-----------------------------------------------
--- Genesis Finished Generating Your Design ---
-----------------------------------------------

/nobackup/steveri/github/CGRAGenerator/verilator/generator_z_tb 

verilator -Wall --cc --exe tb_remote.cpp -y   \
  /nobackup/steveri/github/CGRAGenerator/hardware/generator_z/top/genesis_verif   \
  cb_unq1.v cb_unq2.v pe_tile_new_unq1.v pe_tile_new_unq2.v sb_unq1.v sb_unq2.v   \
  sb_unq3.v sb_unq4.v top.v --top-module top  \


****************************************************
NOTE: Currently (3/13) runscript only works to here.
To get the rest to work, someone is gonna have to
write a working test bench "tb.cpp" :)
****************************************************



# Build testbench
make -j -C obj_dir/ -f Vtop.mk Vtop
make: Entering directory `/nobackup/steveri/github/CGRAGenerator/verilator/generator_z_tb/obj_dir'
g++  -I.  -MMD -I/var/local/verilator-3.900/include -I/var/local/verilator-3.900/include/vltstd -DVL_PRINTF=printf -DVM_COVERAGE=0 -DVM_SC=0 -DVM_TRACE=0 -Wno-char-subscripts -Wno-sign-compare -Wno-uninitialized -Wno-unused-but-set-variable -Wno-unused-parameter -Wno-unused-variable       -c -o tb_remote.o ../tb_remote.cpp
g++  -I.  -MMD -I/var/local/verilator-3.900/include -I/var/local/verilator-3.900/include/vltstd -DVL_PRINTF=printf -DVM_COVERAGE=0 -DVM_SC=0 -DVM_TRACE=0 -Wno-char-subscripts -Wno-sign-compare -Wno-uninitialized -Wno-unused-but-set-variable -Wno-unused-parameter -Wno-unused-variable       -c -o verilated.o /var/local/verilator-3.900/include/verilated.cpp
/usr/bin/perl /var/local/verilator-3.900/bin/verilator_includer -DVL_INCLUDE_OPT=include Vtop.cpp > Vtop__ALLcls.cpp
/usr/bin/perl /var/local/verilator-3.900/bin/verilator_includer -DVL_INCLUDE_OPT=include Vtop__Syms.cpp > Vtop__ALLsup.cpp
g++  -I.  -MMD -I/var/local/verilator-3.900/include -I/var/local/verilator-3.900/include/vltstd -DVL_PRINTF=printf -DVM_COVERAGE=0 -DVM_SC=0 -DVM_TRACE=0 -Wno-char-subscripts -Wno-sign-compare -Wno-uninitialized -Wno-unused-but-set-variable -Wno-unused-parameter -Wno-unused-variable       -c -o Vtop__ALLcls.o Vtop__ALLcls.cpp
g++  -I.  -MMD -I/var/local/verilator-3.900/include -I/var/local/verilator-3.900/include/vltstd -DVL_PRINTF=printf -DVM_COVERAGE=0 -DVM_SC=0 -DVM_TRACE=0 -Wno-char-subscripts -Wno-sign-compare -Wno-uninitialized -Wno-unused-but-set-variable -Wno-unused-parameter -Wno-unused-variable       -c -o Vtop__ALLsup.o Vtop__ALLsup.cpp
../tb_remote.cpp:3:22: fatal error: Vcounter.h: No such file or directory
 #include "Vcounter.h"
                      ^
compilation terminated.
make: *** [tb_remote.o] Error 1
make: *** Waiting for unfinished jobs....
make: Leaving directory `/nobackup/steveri/github/CGRAGenerator/verilator/generator_z_tb/obj_dir'

# Run executable simulation
$: Command not found.
obj_dir/Vtop
obj_dir/Vtop: Command not found.

************************************************************************
NOTE: If you want to clean up after yourself you'll want to do this:

  ./run.csh -clean
  /nobackup/steveri/github/CGRAGenerator/hardware/generator_z/top/genesis_clean.cmd

************************************************************************



